[debug] [2021-09-01T18:43:33.338Z] ----------------------------------------------------------------------
[debug] [2021-09-01T18:43:33.340Z] Command:       /usr/bin/node /usr/local/bin/firebase init
[debug] [2021-09-01T18:43:33.341Z] CLI Version:   9.16.6
[debug] [2021-09-01T18:43:33.341Z] Platform:      linux
[debug] [2021-09-01T18:43:33.341Z] Node Version:  v10.19.0
[debug] [2021-09-01T18:43:33.341Z] Time:          Thu Sep 02 2021 00:13:33 GMT+0530 (India Standard Time)
[debug] [2021-09-01T18:43:33.341Z] ----------------------------------------------------------------------
[debug] 
[debug] [2021-09-01T18:43:33.348Z] > command requires scopes: ["email","openid","https://www.googleapis.com/auth/cloudplatformprojects.readonly","https://www.googleapis.com/auth/firebase","https://www.googleapis.com/auth/cloud-platform"]
[debug] [2021-09-01T18:43:33.348Z] > authorizing via signed-in user (sajeerzeji44@gmail.com)
[info] 
     ######## #### ########  ######## ########     ###     ######  ########
     ##        ##  ##     ## ##       ##     ##  ##   ##  ##       ##
     ######    ##  ########  ######   ########  #########  ######  ######
     ##        ##  ##    ##  ##       ##     ## ##     ##       ## ##
     ##       #### ##     ## ######## ########  ##     ##  ######  ########

You're about to initialize a Firebase project in this directory:

  /home/sajeer/sajeer/personal-website/sajeerzeji

[info] 
=== Project Setup
[info] 
[info] First, let's associate this project directory with a Firebase project.
[info] You can create multiple project aliases by running firebase use --add, 
[info] but for now we'll just set up a default project.
[info] 
[debug] [2021-09-01T18:44:03.089Z] >>> [apiv2][query] GET https://firebase.googleapis.com/v1beta1/projects pageSize=100
[debug] [2021-09-01T18:44:03.969Z] <<< [apiv2][status] GET https://firebase.googleapis.com/v1beta1/projects 200
[debug] [2021-09-01T18:44:03.969Z] <<< [apiv2][body] GET https://firebase.googleapis.com/v1beta1/projects [omitted]
[info] i  Using project sajeer-zeji (Sajeer Zeji) 
[info] 
=== Hosting Setup
[info] 
[info] Your public directory is the folder (relative to your project directory) that
[info] will contain Hosting assets to be uploaded with firebase deploy. If you
[info] have a build process for your assets, use your build's output directory.
[info] 
[info] ✔  Wrote public/404.html 
[debug] [2021-09-01T18:46:17.177Z] >>> [apiv2][query] GET https://www.gstatic.com/firebasejs/releases.json [none]
[debug] [2021-09-01T18:46:17.443Z] <<< [apiv2][status] GET https://www.gstatic.com/firebasejs/releases.json 200
[debug] [2021-09-01T18:46:17.444Z] <<< [apiv2][body] GET https://www.gstatic.com/firebasejs/releases.json {"current":{"version":"9.0.1","browserURL":"https://www.gstatic.com/firebasejs/9.0.1/firebase.js","packageURL":"https://www.gstatic.com/firebasejs/9.0.1/firebase.tgz"},"live":{"version":"9.0","browserURL":"https://www.gstatic.com/firebasejs/live/9.0/firebase.js","packageURL":"https://www.gstatic.com/firebasejs/live/9.0/firebase.tgz"},"components":{"analytics":"https://www.gstatic.com/firebasejs/9.0.1/firebase-analytics.js","app":"https://www.gstatic.com/firebasejs/9.0.1/firebase-app.js","app-check":"https://www.gstatic.com/firebasejs/9.0.1/firebase-app-check.js","auth":"https://www.gstatic.com/firebasejs/9.0.1/firebase-auth.js","auth/cordova":"https://www.gstatic.com/firebasejs/9.0.1/firebase-auth/cordova.js","auth/react-native":"https://www.gstatic.com/firebasejs/9.0.1/firebase-auth/react-native.js","functions":"https://www.gstatic.com/firebasejs/9.0.1/firebase-functions.js","firestore":"https://www.gstatic.com/firebasejs/9.0.1/firebase-firestore.js","firestore/lite":"https://www.gstatic.com/firebasejs/9.0.1/firebase-firestore/lite.js","storage":"https://www.gstatic.com/firebasejs/9.0.1/firebase-storage.js","performance":"https://www.gstatic.com/firebasejs/9.0.1/firebase-performance.js","remote-config":"https://www.gstatic.com/firebasejs/9.0.1/firebase-remote-config.js","messaging":"https://www.gstatic.com/firebasejs/9.0.1/firebase-messaging.js","messaging/sw":"https://www.gstatic.com/firebasejs/9.0.1/firebase-messaging/sw.js","database":"https://www.gstatic.com/firebasejs/9.0.1/firebase-database.js","firestore.memory":"https://www.gstatic.com/firebasejs/9.0.1/firebase-firestore.memory.js"}}
[info] i  Skipping write of public/index.html 
[info] 
[info] i  Detected a .git folder at /home/sajeer/sajeer/personal-website/sajeerzeji 
[info] i  Authorizing with GitHub to upload your service account to a GitHub repository's secrets store. 
[info] 
[info] Visit this URL on this device to log in:
[info] https://github.com/login/oauth/authorize?client_id=89cf50f02ac6aaed3484&state=639492209&redirect_uri=http%3A%2F%2Flocalhost%3A9005&scope=read%3Auser%20repo%20public_repo
[info] 
[info] Waiting for authentication...
[debug] [2021-09-01T18:47:21.752Z] >>> HTTP REQUEST POST https://github.com/login/oauth/access_token  
 {"client_id":"89cf50f02ac6aaed3484","client_secret":"3330d14abc895d9a74d5f17cd7a00711fa2c5bf0","code":"3b47e012d4f2b82622f8","redirect_uri":"http://localhost:9005","state":"639492209"}
[debug] [2021-09-01T18:47:23.776Z] <<< HTTP RESPONSE 200 {"server":"GitHub.com","date":"Wed, 01 Sep 2021 18:47:22 GMT","content-type":"application/json; charset=utf-8","transfer-encoding":"chunked","vary":"X-PJAX, X-PJAX-Container, Accept-Encoding, Accept, X-Requested-With","permissions-policy":"interest-cohort=()","etag":"W/\"27c88d96a178672e09739dd68728b6e7\"","cache-control":"max-age=0, private, must-revalidate","strict-transport-security":"max-age=31536000; includeSubdomains; preload","x-frame-options":"deny","x-content-type-options":"nosniff","x-xss-protection":"0","referrer-policy":"origin-when-cross-origin, strict-origin-when-cross-origin","expect-ct":"max-age=2592000, report-uri=\"https://api.github.com/_private/browser/errors\"","content-security-policy":"default-src 'none'; base-uri 'self'; block-all-mixed-content; connect-src 'self' uploads.github.com www.githubstatus.com collector.githubapp.com api.github.com github-cloud.s3.amazonaws.com github-production-repository-file-5c1aeb.s3.amazonaws.com github-production-upload-manifest-file-7fdce7.s3.amazonaws.com github-production-user-asset-6210df.s3.amazonaws.com cdn.optimizely.com logx.optimizely.com/v1/events translator.github.com wss://alive.github.com; font-src github.githubassets.com; form-action 'self' github.com gist.github.com; frame-ancestors 'none'; frame-src render.githubusercontent.com viewscreen.githubusercontent.com; img-src 'self' data: github.githubassets.com identicons.github.com collector.githubapp.com github-cloud.s3.amazonaws.com secured-user-images.githubusercontent.com/ *.githubusercontent.com; manifest-src 'self'; media-src 'none'; script-src github.githubassets.com; style-src 'unsafe-inline' github.githubassets.com; worker-src github.com/socket-worker-b05e50fc.js gist.github.com/socket-worker-b05e50fc.js","x-github-request-id":"56F7:557F:58596E:6138C9:612FCAB9"}
[debug] [2021-09-01T18:47:23.789Z] >>> [apiv2][query] GET https://api.github.com/user [none]
[debug] [2021-09-01T18:47:25.721Z] <<< [apiv2][status] GET https://api.github.com/user 200
[debug] [2021-09-01T18:47:25.721Z] <<< [apiv2][body] GET https://api.github.com/user {"login":"sajeerzeji","id":44323186,"node_id":"MDQ6VXNlcjQ0MzIzMTg2","avatar_url":"https://avatars.githubusercontent.com/u/44323186?v=4","gravatar_id":"","url":"https://api.github.com/users/sajeerzeji","html_url":"https://github.com/sajeerzeji","followers_url":"https://api.github.com/users/sajeerzeji/followers","following_url":"https://api.github.com/users/sajeerzeji/following{/other_user}","gists_url":"https://api.github.com/users/sajeerzeji/gists{/gist_id}","starred_url":"https://api.github.com/users/sajeerzeji/starred{/owner}{/repo}","subscriptions_url":"https://api.github.com/users/sajeerzeji/subscriptions","organizations_url":"https://api.github.com/users/sajeerzeji/orgs","repos_url":"https://api.github.com/users/sajeerzeji/repos","events_url":"https://api.github.com/users/sajeerzeji/events{/privacy}","received_events_url":"https://api.github.com/users/sajeerzeji/received_events","type":"User","site_admin":false,"name":"Sajeer Zeji","company":"StricBiz","blog":"","location":"calicut","email":null,"hireable":null,"bio":"Coding passionate.","twitter_username":null,"public_repos":39,"public_gists":13,"followers":5,"following":4,"created_at":"2018-10-20T16:30:05Z","updated_at":"2021-08-22T18:59:32Z","private_gists":0,"total_private_repos":12,"owned_private_repos":12,"disk_usage":107546,"collaborators":2,"two_factor_authentication":false,"plan":{"name":"free","space":976562499,"collaborators":0,"private_repos":10000}}
[info] 
[info] ✔  Success! Logged into GitHub as sajeerzeji 
[info] 
